<?xml version="1.0" encoding="UTF-8"?>
<testsuite name="com.pirates.market.Interfaces.MarketControllerTest" tests="1" skipped="0" failures="0" errors="0" timestamp="2020-10-10T11:38:09" hostname="jeongs-MacBook-Pro.local" time="0.134">
  <properties/>
  <testcase name="add()" classname="com.pirates.market.Interfaces.MarketControllerTest" time="0.134"/>
  <system-out><![CDATA[20:38:03.066 [Test worker] DEBUG org.springframework.test.context.BootstrapUtils - Instantiating CacheAwareContextLoaderDelegate from class [org.springframework.test.context.cache.DefaultCacheAwareContextLoaderDelegate]
20:38:03.076 [Test worker] DEBUG org.springframework.test.context.BootstrapUtils - Instantiating BootstrapContext using constructor [public org.springframework.test.context.support.DefaultBootstrapContext(java.lang.Class,org.springframework.test.context.CacheAwareContextLoaderDelegate)]
20:38:03.099 [Test worker] DEBUG org.springframework.test.context.BootstrapUtils - Instantiating TestContextBootstrapper for test class [com.pirates.market.Interfaces.MarketControllerTest] from class [org.springframework.boot.test.autoconfigure.web.servlet.WebMvcTestContextBootstrapper]
20:38:03.110 [Test worker] INFO org.springframework.boot.test.autoconfigure.web.servlet.WebMvcTestContextBootstrapper - Neither @ContextConfiguration nor @ContextHierarchy found for test class [com.pirates.market.Interfaces.MarketControllerTest], using SpringBootContextLoader
20:38:03.113 [Test worker] DEBUG org.springframework.test.context.support.AbstractContextLoader - Did not detect default resource location for test class [com.pirates.market.Interfaces.MarketControllerTest]: class path resource [com/pirates/market/Interfaces/MarketControllerTest-context.xml] does not exist
20:38:03.114 [Test worker] DEBUG org.springframework.test.context.support.AbstractContextLoader - Did not detect default resource location for test class [com.pirates.market.Interfaces.MarketControllerTest]: class path resource [com/pirates/market/Interfaces/MarketControllerTestContext.groovy] does not exist
20:38:03.114 [Test worker] INFO org.springframework.test.context.support.AbstractContextLoader - Could not detect default resource locations for test class [com.pirates.market.Interfaces.MarketControllerTest]: no resource found for suffixes {-context.xml, Context.groovy}.
20:38:03.115 [Test worker] INFO org.springframework.test.context.support.AnnotationConfigContextLoaderUtils - Could not detect default configuration classes for test class [com.pirates.market.Interfaces.MarketControllerTest]: MarketControllerTest does not declare any static, non-private, non-final, nested classes annotated with @Configuration.
20:38:03.172 [Test worker] DEBUG org.springframework.test.context.support.ActiveProfilesUtils - Could not find an 'annotation declaring class' for annotation type [org.springframework.test.context.ActiveProfiles] and class [com.pirates.market.Interfaces.MarketControllerTest]
20:38:03.216 [Test worker] DEBUG org.springframework.context.annotation.ClassPathScanningCandidateComponentProvider - Identified candidate component class: file [/Users/hyunsu/Code/fish-market/build/classes/java/main/com/pirates/market/MarketApplication.class]
20:38:03.216 [Test worker] INFO org.springframework.boot.test.context.SpringBootTestContextBootstrapper - Found @SpringBootConfiguration com.pirates.market.MarketApplication for test class com.pirates.market.Interfaces.MarketControllerTest
20:38:03.218 [Test worker] DEBUG org.springframework.boot.test.autoconfigure.web.servlet.WebMvcTestContextBootstrapper - @TestExecutionListeners is not present for class [com.pirates.market.Interfaces.MarketControllerTest]: using defaults.
20:38:03.218 [Test worker] INFO org.springframework.boot.test.autoconfigure.web.servlet.WebMvcTestContextBootstrapper - Loaded default TestExecutionListener class names from location [META-INF/spring.factories]: [org.springframework.boot.test.autoconfigure.restdocs.RestDocsTestExecutionListener, org.springframework.boot.test.autoconfigure.web.client.MockRestServiceServerResetTestExecutionListener, org.springframework.boot.test.autoconfigure.web.servlet.MockMvcPrintOnlyOnFailureTestExecutionListener, org.springframework.boot.test.autoconfigure.web.servlet.WebDriverTestExecutionListener, org.springframework.boot.test.autoconfigure.webservices.client.MockWebServiceServerTestExecutionListener, org.springframework.boot.test.mock.mockito.MockitoTestExecutionListener, org.springframework.boot.test.mock.mockito.ResetMocksTestExecutionListener, org.springframework.test.context.web.ServletTestExecutionListener, org.springframework.test.context.support.DirtiesContextBeforeModesTestExecutionListener, org.springframework.test.context.support.DependencyInjectionTestExecutionListener, org.springframework.test.context.support.DirtiesContextTestExecutionListener, org.springframework.test.context.transaction.TransactionalTestExecutionListener, org.springframework.test.context.jdbc.SqlScriptsTestExecutionListener, org.springframework.test.context.event.EventPublishingTestExecutionListener]
20:38:03.232 [Test worker] INFO org.springframework.boot.test.autoconfigure.web.servlet.WebMvcTestContextBootstrapper - Using TestExecutionListeners: [org.springframework.test.context.web.ServletTestExecutionListener@2010d346, org.springframework.test.context.support.DirtiesContextBeforeModesTestExecutionListener@31426fd4, org.springframework.boot.test.mock.mockito.MockitoTestExecutionListener@7be570e3, org.springframework.boot.test.autoconfigure.SpringBootDependencyInjectionTestExecutionListener@7ced0b8e, org.springframework.test.context.support.DirtiesContextTestExecutionListener@5a416db6, org.springframework.test.context.transaction.TransactionalTestExecutionListener@78df95e5, org.springframework.test.context.jdbc.SqlScriptsTestExecutionListener@28ed8075, org.springframework.test.context.event.EventPublishingTestExecutionListener@3c485f9d, org.springframework.boot.test.autoconfigure.restdocs.RestDocsTestExecutionListener@6d35b97f, org.springframework.boot.test.autoconfigure.web.client.MockRestServiceServerResetTestExecutionListener@69416981, org.springframework.boot.test.autoconfigure.web.servlet.MockMvcPrintOnlyOnFailureTestExecutionListener@2d6bb2f4, org.springframework.boot.test.autoconfigure.web.servlet.WebDriverTestExecutionListener@5321b473, org.springframework.boot.test.autoconfigure.webservices.client.MockWebServiceServerTestExecutionListener@139f1129, org.springframework.boot.test.mock.mockito.ResetMocksTestExecutionListener@71706fba]
20:38:03.235 [Test worker] DEBUG org.springframework.test.context.support.AbstractDirtiesContextTestExecutionListener - Before test class: context [DefaultTestContext@1b7651a6 testClass = MarketControllerTest, testInstance = [null], testMethod = [null], testException = [null], mergedContextConfiguration = [WebMergedContextConfiguration@3b676700 testClass = MarketControllerTest, locations = '{}', classes = '{class com.pirates.market.MarketApplication}', contextInitializerClasses = '[]', activeProfiles = '{}', propertySourceLocations = '{}', propertySourceProperties = '{org.springframework.boot.test.autoconfigure.web.servlet.WebMvcTestContextBootstrapper=true}', contextCustomizers = set[org.springframework.boot.test.autoconfigure.OverrideAutoConfigurationContextCustomizerFactory$DisableAutoConfigurationContextCustomizer@1d8554de, org.springframework.boot.test.autoconfigure.filter.TypeExcludeFiltersContextCustomizer@907fd30c, org.springframework.boot.test.autoconfigure.properties.PropertyMappingContextCustomizer@1770a2a, org.springframework.boot.test.autoconfigure.web.servlet.WebDriverContextCustomizerFactory$Customizer@6a9cac91, [ImportsContextCustomizer@123dfc2b key = [org.springframework.boot.autoconfigure.cache.CacheAutoConfiguration, org.springframework.boot.autoconfigure.context.MessageSourceAutoConfiguration, org.springframework.boot.autoconfigure.data.web.SpringDataWebAutoConfiguration, org.springframework.boot.autoconfigure.freemarker.FreeMarkerAutoConfiguration, org.springframework.boot.autoconfigure.groovy.template.GroovyTemplateAutoConfiguration, org.springframework.boot.autoconfigure.gson.GsonAutoConfiguration, org.springframework.boot.autoconfigure.hateoas.HypermediaAutoConfiguration, org.springframework.boot.autoconfigure.http.HttpMessageConvertersAutoConfiguration, org.springframework.boot.autoconfigure.jackson.JacksonAutoConfiguration, org.springframework.boot.autoconfigure.jsonb.JsonbAutoConfiguration, org.springframework.boot.autoconfigure.mustache.MustacheAutoConfiguration, org.springframework.boot.autoconfigure.task.TaskExecutionAutoConfiguration, org.springframework.boot.autoconfigure.thymeleaf.ThymeleafAutoConfiguration, org.springframework.boot.autoconfigure.validation.ValidationAutoConfiguration, org.springframework.boot.autoconfigure.web.servlet.error.ErrorMvcAutoConfiguration, org.springframework.boot.autoconfigure.web.servlet.WebMvcAutoConfiguration, org.springframework.boot.test.autoconfigure.web.servlet.MockMvcAutoConfiguration, org.springframework.boot.test.autoconfigure.web.servlet.MockMvcWebClientAutoConfiguration, org.springframework.boot.test.autoconfigure.web.servlet.MockMvcWebDriverAutoConfiguration, org.springframework.boot.autoconfigure.security.oauth2.client.servlet.OAuth2ClientAutoConfiguration, org.springframework.boot.autoconfigure.security.oauth2.resource.servlet.OAuth2ResourceServerAutoConfiguration, org.springframework.boot.autoconfigure.security.servlet.SecurityAutoConfiguration, org.springframework.boot.autoconfigure.security.servlet.SecurityFilterAutoConfiguration, org.springframework.boot.autoconfigure.security.servlet.UserDetailsServiceAutoConfiguration, org.springframework.boot.test.autoconfigure.web.servlet.MockMvcSecurityConfiguration]], org.springframework.boot.test.context.filter.ExcludeFilterContextCustomizer@11640fec, org.springframework.boot.test.json.DuplicateJsonObjectContextCustomizerFactory$DuplicateJsonObjectContextCustomizer@6eb35b97, org.springframework.boot.test.mock.mockito.MockitoContextCustomizer@48e9691b, org.springframework.boot.test.context.SpringBootTestArgs@1], resourceBasePath = 'src/main/webapp', contextLoader = 'org.springframework.boot.test.context.SpringBootContextLoader', parent = [null]], attributes = map[[empty]]], class annotated with @DirtiesContext [false] with mode [null].
20:38:03.260 [Test worker] DEBUG org.springframework.test.context.support.TestPropertySourceUtils - Adding inlined properties to environment: {spring.jmx.enabled=false, org.springframework.boot.test.autoconfigure.web.servlet.WebMvcTestContextBootstrapper=true}

  .   ____          _            __ _ _
 /\\ / ___'_ __ _ _(_)_ __  __ _ \ \ \ \
( ( )\___ | '_ | '_| | '_ \/ _` | \ \ \ \
 \\/  ___)| |_)| | | | | || (_| |  ) ) ) )
  '  |____| .__|_| |_|_| |_\__, | / / / /
 =========|_|==============|___/=/_/_/_/
 :: Spring Boot ::        (v2.3.4.RELEASE)

2020-10-10 20:38:08.511  INFO 3168 --- [    Test worker] c.p.m.Interfaces.MarketControllerTest    : Starting MarketControllerTest on jeongs-MacBook-Pro.local with PID 3168 (started by hyunsu in /Users/hyunsu/Code/fish-market)
2020-10-10 20:38:08.514  INFO 3168 --- [    Test worker] c.p.m.Interfaces.MarketControllerTest    : No active profile set, falling back to default profiles: default
2020-10-10 20:38:09.479  INFO 3168 --- [    Test worker] o.s.s.concurrent.ThreadPoolTaskExecutor  : Initializing ExecutorService 'applicationTaskExecutor'
2020-10-10 20:38:09.645  INFO 3168 --- [    Test worker] o.s.b.t.m.w.SpringBootMockServletContext : Initializing Spring TestDispatcherServlet ''
2020-10-10 20:38:09.645  INFO 3168 --- [    Test worker] o.s.t.web.servlet.TestDispatcherServlet  : Initializing Servlet ''
2020-10-10 20:38:09.655  INFO 3168 --- [    Test worker] o.s.t.web.servlet.TestDispatcherServlet  : Completed initialization in 10 ms
2020-10-10 20:38:09.680  INFO 3168 --- [    Test worker] c.p.m.Interfaces.MarketControllerTest    : Started MarketControllerTest in 6.412 seconds (JVM running for 7.191)
]]></system-out>
  <system-err><![CDATA[]]></system-err>
</testsuite>
